{'best_params': {'_bias': 1.1901459175587255, 'svm_c': 203.2509401626576, '_kernel_family': 'GaussianKernel', 'degree': 3, 'widths': array([ 54.27420694,  23.94045228,  34.10549713,   4.80870898,
        45.39166023,  34.37410052,   9.69895213,  27.29002259]), 'mkl_c': 103.5500225866415, '_num_support_vectors': 6, 'svm_norm': 1, '_support': [(-1.180644424537142, 1), (-0.31388102338483526, 3), (-0.6222547149189512, 5), (-0.5940773808457657, 2), (-0.6218395694946393, 0), (3.3326971131810215, 4)], 'kernel_weights': array([  5.64622203e-07,   1.16443883e-06,   7.99067715e-07,
         9.99887000e-01,   6.35404089e-07,   7.93447395e-07,
         1.07318855e-04,   9.98246432e-07,   7.25447585e-07]), 'mkl_norm': 1}, 'performance': -1358525623346406.0, 'learned_model': 'mkl_outs/mkl_idx_corpus_source_repr_dims_op_other.out', 'estimated_output': array([ 1.19014584,  1.19014596,  1.19014594])}
{'best_params': {'_bias': 1.1772420734692466, 'svm_c': 17.427036514522648, '_kernel_family': 'GaussianKernel', 'degree': 2, 'widths': array([  71.40417515,   78.5289994 ,   23.20143617,   44.77623385,
        119.5438178 ,   25.50231122,  149.95783075,   26.45744315,
          5.49655446]), 'mkl_c': 111.96585737386629, '_num_support_vectors': 6, 'svm_norm': 1, '_support': [(-1.168541346358556, 1), (-0.34249856657210953, 3), (-0.7360915812893245, 5), (-0.8169445908034936, 2), (-0.6030788799927272, 0), (3.667154965016121, 4)], 'kernel_weights': array([  1.84848449e-07,   1.71794767e-07,   6.60523896e-06,
         3.09957725e-07,   1.33669794e-07,   2.89580606e-06,
         1.20945656e-07,   2.16635695e-06,   9.99987158e-01,
         2.53024978e-07]), 'mkl_norm': 1}, 'performance': -11787291784328956.0, 'learned_model': 'mkl_outs/mkl_idx_corpus_source_repr_dims_op_other.out', 'estimated_output': array([ 1.17724205,  1.17724209,  1.17724209])}
{'best_params': {'_bias': 1.1730316460635173, 'svm_c': 55.56209740978661, '_kernel_family': 'GaussianKernel', 'degree': 3, 'widths': array([ 263.45207856,   31.78906373,    5.74050921,   69.68856814]), 'mkl_c': 319.02893508403133, '_num_support_vectors': 6, 'svm_norm': 1, '_support': [(-1.164772391875647, 1), (-0.3533686197995489, 3), (-0.7494054991035334, 5), (-0.7474705614234917, 2), (-0.7710933033151802, 0), (3.7861103755172514, 4)], 'kernel_weights': array([  8.91346713e-08,   2.84463420e-06,   9.99991727e-01,
         1.88430091e-07,   5.15031697e-06]), 'mkl_norm': 1}, 'performance': 0.99988644787659187, 'learned_model': 'mkl_outs/mkl_idx_corpus_source_repr_dims_op_other.out', 'estimated_output': array([ 2.00999774,  0.00999173,  2.00999774,  1.00999486,  2.98999998,
        2.00999774])}
{'best_params': {'_bias': 1.1763951538036475, 'svm_c': 105.70240510785156, '_kernel_family': 'GaussianKernel', 'degree': 2, 'widths': array([ 126.16438231,    5.54489952,   48.00554284,   38.44408566]), 'mkl_c': 39.44525795361311, '_num_support_vectors': 6, 'svm_norm': 1, '_support': [(-1.1677726566167894, 1), (-0.3446224449762236, 3), (-0.7315571323814231, 5), (-0.706828982242012, 2), (-0.7399192810309879, 0), (3.690700497247352, 4)], 'kernel_weights': array([  1.11333914e-07,   9.99994834e-01,   7.62849065e-07,
         3.63646841e-06,   6.55327609e-07]), 'mkl_norm': 1}, 'performance': 0.999886448407733, 'learned_model': 'mkl_outs/mkl_idx_corpus_source_repr_dims_op_other.out', 'estimated_output': array([ 2.00999722,  0.00999404,  2.00999722,  1.00999393,  2.98999999,
        2.00999722])}
{'best_params': {'_bias': 2.1179891444593153, 'svm_c': 51.04631619286108, '_kernel_family': 'GaussianKernel', 'degree': 23, 'widths': array([ 0.001,  0.01 ,  0.1  ]), 'median_width': 0.0919845853823477, 'min_size': 2, 'mkl_c': 80.95946565004517, '_num_support_vectors': 10, 'max_size': 10, '_support': [(-1.9079956151748172, 7), (-1.508074449156356, 6), (-1.308091440057323, 0), (-1.1079952786179974, 8), (1.6719625028543048, 2), (1.6721152270699389, 4), (1.0720875785040889, 9), (0.8719934882652435, 1), (0.4719770209773317, 5), (0.0720209653356648, 3)], 'width_scale': 3.0, 'kernel_weights': array([  9.99747675e-01,   2.51172771e-04,   5.51169010e-07,
         6.01219555e-07]), 'mkl_norm': 1, 'kernel_size': 5, 'svm_norm': 1}, 'performance': 0.99993969759567025, 'learned_model': 'mkl_outs/mkl_idx_corpus_source_repr_dims_op_other.out', 'estimated_output': array([ 0.80999016,  2.98999419,  3.78999271,  2.1899955 ,  3.79      ,
        2.5899934 ,  0.60999095,  0.20999471,  1.00999472,  3.18999864])}
{'best_params': {'_bias': 2.1179891366364645, 'svm_c': 10.396623287015718, '_kernel_family': 'GaussianKernel', 'degree': 22, 'widths': array([ 0.001,  0.01 ,  0.1  ]), 'median_width': 1.6718374582071924, 'min_size': 2, 'mkl_c': 129.64418606038947, '_num_support_vectors': 10, 'max_size': 10, '_support': [(-1.9079956191114296, 7), (-1.5080745435412515, 6), (-1.308091558344414, 0), (-1.107995282076709, 8), (1.6719624506987154, 2), (1.6721153761467575, 4), (1.0720876998546396, 9), (0.8719934790314329, 1), (0.47197700394487735, 5), (0.07202099339749143, 3)], 'width_scale': 0.5, 'kernel_weights': array([  9.99747310e-01,   2.51554949e-04,   5.51986187e-07,
         5.82986379e-07]), 'mkl_norm': 1, 'kernel_size': 3, 'svm_norm': 1}, 'performance': 0.99993969760399293, 'learned_model': 'mkl_outs/mkl_idx_corpus_source_repr_dims_op_other.out', 'estimated_output': array([ 0.80999015,  2.98999418,  3.7899927 ,  2.18999549,  3.79      ,
        2.58999339,  0.60999093,  0.2099947 ,  1.00999472,  3.18999864])}
{'best_params': {'_bias': 2.117989136636429, 'svm_c': 75.26508816990385, '_kernel_family': 'GaussianKernel', 'degree': 22, 'widths': array([ 0.001,  0.01 ,  0.1  ]), 'median_width': 0.6268603148653117, 'min_size': 2, 'mkl_c': 71.14718301043922, '_num_support_vectors': 10, 'max_size': 10, '_support': [(-1.9079956191114655, 7), (-1.508074543541291, 6), (-1.308091558344454, 0), (-1.107995282076748, 8), (1.6719624506987507, 2), (1.672115376146793, 4), (1.0720876998546747, 9), (0.8719934790314666, 1), (0.47197700394491676, 5), (0.07202099339753654, 3)], 'width_scale': 0.01, 'kernel_weights': array([  9.99747310e-01,   2.51554949e-04,   5.51986187e-07,
         5.82986379e-07]), 'mkl_norm': 1, 'kernel_size': 5, 'svm_norm': 1}, 'performance': 0.99993969760399326, 'learned_model': 'mkl_outs/mkl_idx_corpus_source_repr_dims_op_other.out', 'estimated_output': array([ 0.80999015,  2.98999418,  3.7899927 ,  2.18999549,  3.79      ,
        2.58999339,  0.60999093,  0.2099947 ,  1.00999472,  3.18999864])}
{'best_params': {'_bias': 2.1179891444593317, 'svm_c': 240.62370268172853, '_kernel_family': 'GaussianKernel', 'degree': 23, 'widths': array([ 0.001,  0.01 ,  0.1  ]), 'median_width': 0.04885320639067948, 'min_size': 2, 'mkl_c': 71.67984857887795, '_num_support_vectors': 10, 'max_size': 10, '_support': [(-1.9079956151747994, 7), (-1.5080744491563374, 6), (-1.3080914400573038, 0), (-1.107995278617977, 8), (1.6719625028542886, 2), (1.6721152270699227, 4), (1.0720875785040695, 9), (0.8719934882652236, 1), (0.47197702097731536, 5), (0.07202096533563987, 3)], 'width_scale': 0.0001, 'kernel_weights': array([  9.99747675e-01,   2.51172771e-04,   5.51169010e-07,
         6.01219555e-07]), 'mkl_norm': 1, 'kernel_size': 4, 'svm_norm': 1}, 'performance': 0.99993969759567003, 'learned_model': 'mkl_outs/mkl_idx_corpus_source_repr_dims_op_other.out', 'estimated_output': array([ 0.80999016,  2.98999419,  3.78999271,  2.1899955 ,  3.79      ,
        2.5899934 ,  0.60999095,  0.20999471,  1.00999472,  3.18999864])}
{'best_params': {'_bias': 2.1179891289416517, 'svm_c': 27.4780211071455, '_kernel_family': 'GaussianKernel', 'degree': 21, 'widths': array([ 0.001,  0.01 ,  0.1  ]), 'median_width': 0.6254375286071511, 'min_size': 2, 'mkl_c': 143.38042756602272, '_num_support_vectors': 10, 'max_size': 10, '_support': [(-1.9079956229488049, 7), (-1.508074637354202, 6), (-1.308091676080503, 0), (-1.1079952855521604, 8), (1.6719623981965082, 2), (1.6721155247847344, 4), (1.0720878207555578, 9), (0.8719934695601006, 1), (0.47197698716948816, 5), (0.07202102146939612, 3)], 'width_scale': 3.0, 'kernel_weights': array([  9.99746947e-01,   2.51935655e-04,   5.52800412e-07,
         5.64999103e-07]), 'mkl_norm': 1, 'kernel_size': 10, 'svm_norm': 1}, 'performance': 0.99993969761222601, 'learned_model': 'mkl_outs/mkl_idx_corpus_source_repr_dims_op_other.out', 'estimated_output': array([ 0.80999014,  2.98999417,  3.78999269,  2.18999549,  3.79      ,
        2.58999339,  0.60999092,  0.20999469,  1.00999471,  3.18999864])}
